C51 COMPILER V9.54   UART_2                                                                02/16/2021 21:59:39 PAGE 1   


C51 COMPILER V9.54, COMPILATION OF MODULE UART_2
OBJECT MODULE PLACED IN .\Obj\Uart_2.obj
COMPILER INVOKED BY: D:\Keil_v5\C51\BIN\C51.EXE src\Uart_2.c LARGE OPTIMIZE(9,SPEED) BROWSE INCDIR(.\;.\src;.\mcu_sdk) D
                    -EBUG OBJECTEXTEND PRINT(.\List\Uart_2.lst) TABS(2) OBJECT(.\Obj\Uart_2.obj)

line level    source

   1          //微信公众号：物联网零妖
   2          //串口2  115200bps 22.1184MHZ
   3          #define USER_UART_GLOBALS
   4          //#include<Uart_2.h>
   5          #include "include.h"
   6          #include "wifi.h"
   7          #define S2RI  0x01              //S2CON.0
   8          #define S2TI  0x02              //S2CON.1
   9          static bit busy2=0;//COM2用到的发送忙标志
  10          
  11          
  12          void INT_Uart2(void) interrupt 8//串口2中断处理程序
  13          {
  14   1        
  15   1         if (S2CON & 0x02)
  16   1          {
  17   2              S2CON &= ~0x02;
  18   2              busy2 = 0;
  19   2          }
  20   1          if (S2CON & 0x01)
  21   1          {
  22   2              S2CON &= ~0x01;     
  23   2              uart_receive_input(S2BUF);             //测试端口      
  24   2          }
  25   1      }
  26          // 描述: 串口初始化程序.
  27          void Init_Uart2(void)
  28          {
  29   1        S2CON = 0x10;   //8位数据,可变波特率
  30   1        busy2 = 0;
  31   1        IE2 = 0x01;    //使能串口2中断  
  32   1        
  33   1        
  34   1      }
  35          //COM2发送一个字节
  36          void Send_Data2(unsigned char dat)
  37          {
  38   1        
  39   1        while (busy2);
  40   1        busy2 = 1;
  41   1        S2BUF = dat;
  42   1      }
  43          //COM2发送一个字符串
  44          void Send_Str2(unsigned char *s)
  45          {
  46   1        do
  47   1          Send_Data2(*s++);
  48   1        while(*s);
  49   1      }
  50          
  51          
  52          


C51 COMPILER V9.54   UART_2                                                                02/16/2021 21:59:39 PAGE 2   

MODULE INFORMATION:   STATIC OVERLAYABLE
   CODE SIZE        =    147    ----
   CONSTANT SIZE    =   ----    ----
   XDATA SIZE       =   ----       3
   PDATA SIZE       =   ----    ----
   DATA SIZE        =   ----    ----
   IDATA SIZE       =   ----    ----
   BIT SIZE         =      1    ----
END OF MODULE INFORMATION.


C51 COMPILATION COMPLETE.  0 WARNING(S),  0 ERROR(S)
