C51 COMPILER V9.54   USER_TIMER                                                            02/16/2021 21:59:39 PAGE 1   


C51 COMPILER V9.54, COMPILATION OF MODULE USER_TIMER
OBJECT MODULE PLACED IN .\Obj\User_Timer.obj
COMPILER INVOKED BY: D:\Keil_v5\C51\BIN\C51.EXE src\User_Timer.c LARGE OPTIMIZE(9,SPEED) BROWSE INCDIR(.\;.\src;.\mcu_sd
                    -k) DEBUG OBJECTEXTEND PRINT(.\List\User_Timer.lst) TABS(2) OBJECT(.\Obj\User_Timer.obj)

line level    source

   1          /******************************************************************************
   2          文件名称: User_Timer.c
   3          文件标识: STC8A8K64S4A12
   4          摘    要: Timer用户函数
   5          当前版本: V1.0  
   6          完成日期: 2021.02.06
   7          *******************************************************************************/
   8          #define USER_TIMER_GLOBAL
   9          #include "include.h"
  10          static unsigned long Timer_Value = 0;
  11          static unsigned long Timer_Sec_Value = 0;
  12          
  13          
  14          /*****************************************************************************
  15          函数名称 : timer0_init
  16          功能描述 : timer0初始化
  17          输入参数 : 无
  18          返回参数 : 无
  19          使用说明 : 10毫秒@22.1184MHz
  20          *****************************************************************************/
  21          void timer0_init(void)
  22          {
  23   1        AUXR &= 0x7F;                                                               //定时器时钟12T模式
  24   1        TMOD &= 0xF0;                                                               //设置定时器模式
  25   1        TL0 = 0x00;                                                                 //设置定时初值
  26   1        TH0 = 0xB8;                                                                 //设置定时初值
  27   1        TF0 = 0;                                                                    //清除TF0标志
  28   1        TR0 = 1;                                                                    //定时器0开始计时
  29   1        ET0 = 1;
  30   1      
  31   1        Timer_Value = 0;
  32   1        FlashBuffer.SAMPLING = 15;
  33   1      }
  34          /*****************************************************************************
  35          函数名称 : timer0_isr_handle
  36          功能描述 : timer0中断处理函数
  37          输入参数 : 无
  38          返回参数 : 无
  39          使用说明 : 10毫秒@11.0592MHz
  40          *****************************************************************************/
  41          void timer0_isr_handle(void) interrupt 1
  42          {
  43   1        extern uint8_t is_read_time;
  44   1      
  45   1        Timer_Value ++;
  46   1        if((Timer_Value % 100) == 0)
  47   1        {
  48   2          Timer_Sec_Value ++;
  49   2          if(Timer_Sec_Value % FlashBuffer.SAMPLING == 0)
  50   2          {     
  51   3            is_read_time = 1;//X秒计时
  52   3          }
  53   2          
  54   2          if(Timer_Sec_Value >= 60)
C51 COMPILER V9.54   USER_TIMER                                                            02/16/2021 21:59:39 PAGE 2   

  55   2          {
  56   3            Timer_Sec_Value = 0;
  57   3            
  58   3            FlashBuffer.run_time ++;
  59   3          }
  60   2        }
  61   1      }
  62          /*****************************************************************************
  63          函数名称 : get_count_value
  64          功能描述 : 获取Timer0计数值
  65          输入参数 : 无
  66          返回参数 : Timer_Value
  67          使用说明 : 无
  68          *****************************************************************************/
  69          unsigned long get_count_value(void)
  70          {
  71   1        return Timer_Value;
  72   1      }


MODULE INFORMATION:   STATIC OVERLAYABLE
   CODE SIZE        =    272    ----
   CONSTANT SIZE    =   ----    ----
   XDATA SIZE       =      8    ----
   PDATA SIZE       =   ----    ----
   DATA SIZE        =   ----    ----
   IDATA SIZE       =   ----    ----
   BIT SIZE         =   ----    ----
END OF MODULE INFORMATION.


C51 COMPILATION COMPLETE.  0 WARNING(S),  0 ERROR(S)
